# JRE version: Java(TM) SE Runtime Environment (9.0+11) (build 9.0.4+11)
# Java VM: Java HotSpot(TM) 64-Bit Server VM (9.0.4+11, mixed mode, tiered, compressed oops, g1 gc, windows-amd64)
Heap:
 garbage-first heap   total 219136K, used 107363K [0x0000000700000000, 0x00000007001006b0, 0x00000007c0000000)
  region size 1024K, 40 young (40960K), 1 survivors (1024K)
 Metaspace       used 80354K, capacity 85875K, committed 86016K, reserved 1124352K
  class space    used 11032K, capacity 11998K, committed 12032K, reserved 1048576K
GC Heap History (10 events):
Event: 165.126 GC heap before
{Heap before GC invocations=105 (full 20):
 garbage-first heap   total 219136K, used 81132K [0x0000000700000000, 0x00000007001006b0, 0x00000007c0000000)
  region size 1024K, 5 young (5120K), 0 survivors (0K)
 Metaspace       used 80088K, capacity 85615K, committed 85760K, reserved 1122304K
  class space    used 11032K, capacity 11998K, committed 12032K, reserved 1048576K
}
Event: 165.271 GC heap after
{Heap after GC invocations=106 (full 21):
 garbage-first heap   total 219136K, used 67813K [0x0000000700000000, 0x00000007001006b0, 0x00000007c0000000)
  region size 1024K, 0 young (0K), 0 survivors (0K)
 Metaspace       used 80088K, capacity 85615K, committed 85760K, reserved 1122304K
  class space    used 11032K, capacity 11998K, committed 12032K, reserved 1048576K
}
Event: 170.507 GC heap before
{Heap before GC invocations=106 (full 21):
 garbage-first heap   total 219136K, used 80101K [0x0000000700000000, 0x00000007001006b0, 0x00000007c0000000)
  region size 1024K, 7 young (7168K), 0 survivors (0K)
 Metaspace       used 80090K, capacity 85615K, committed 85760K, reserved 1122304K
  class space    used 11032K, capacity 11998K, committed 12032K, reserved 1048576K
}
Event: 170.666 GC heap after
{Heap after GC invocations=107 (full 22):
 garbage-first heap   total 219136K, used 67852K [0x0000000700000000, 0x00000007001006b0, 0x00000007c0000000)
  region size 1024K, 0 young (0K), 0 survivors (0K)
 Metaspace       used 80090K, capacity 85615K, committed 85760K, reserved 1122304K
  class space    used 11032K, capacity 11998K, committed 12032K, reserved 1048576K
}
Event: 222.610 GC heap before
{Heap before GC invocations=107 (full 22):
 garbage-first heap   total 219136K, used 129292K [0x0000000700000000, 0x00000007001006b0, 0x00000007c0000000)
  region size 1024K, 60 young (61440K), 0 survivors (0K)
 Metaspace       used 80126K, capacity 85679K, committed 85760K, reserved 1122304K
  class space    used 11032K, capacity 11998K, committed 12032K, reserved 1048576K
}
Event: 222.613 GC heap after
{Heap after GC invocations=108 (full 22):
 garbage-first heap   total 219136K, used 68294K [0x0000000700000000, 0x00000007001006b0, 0x00000007c0000000)
  region size 1024K, 1 young (1024K), 1 survivors (1024K)
 Metaspace       used 80126K, capacity 85679K, committed 85760K, reserved 1122304K
  class space    used 11032K, capacity 11998K, committed 12032K, reserved 1048576K
}
Event: 225.631 GC heap before
{Heap before GC invocations=108 (full 22):
 garbage-first heap   total 219136K, used 128710K [0x0000000700000000, 0x00000007001006b0, 0x00000007c0000000)
  region size 1024K, 60 young (61440K), 1 survivors (1024K)
 Metaspace       used 80260K, capacity 85811K, committed 86016K, reserved 1124352K
  class space    used 11032K, capacity 11998K, committed 12032K, reserved 1048576K
}
Event: 225.634 GC heap after
{Heap after GC invocations=109 (full 22):
 garbage-first heap   total 219136K, used 68288K [0x0000000700000000, 0x00000007001006b0, 0x00000007c0000000)
  region size 1024K, 1 young (1024K), 1 survivors (1024K)
 Metaspace       used 80260K, capacity 85811K, committed 86016K, reserved 1124352K
  class space    used 11032K, capacity 11998K, committed 12032K, reserved 1048576K
}
Event: 234.260 GC heap before
{Heap before GC invocations=109 (full 22):
 garbage-first heap   total 219136K, used 128704K [0x0000000700000000, 0x00000007001006b0, 0x00000007c0000000)
  region size 1024K, 60 young (61440K), 1 survivors (1024K)
 Metaspace       used 80319K, capacity 85875K, committed 86016K, reserved 1124352K
  class space    used 11032K, capacity 11998K, committed 12032K, reserved 1048576K
}
Event: 234.263 GC heap after
{Heap after GC invocations=110 (full 22):
 garbage-first heap   total 219136K, used 68451K [0x0000000700000000, 0x00000007001006b0, 0x00000007c0000000)
  region size 1024K, 1 young (1024K), 1 survivors (1024K)
 Metaspace       used 80319K, capacity 85875K, committed 86016K, reserved 1124352K
  class space    used 11032K, capacity 11998K, committed 12032K, reserved 1048576K
}

